Riviera-PRO 2022.04.117.8517(Linux64) 2023-07-27 07:41:19

Elaboration top modules:
Architecture                  SIM(CNT16_TB)


---------------------------------------------------------------------------------------
Entity   | Architecture | Library | Info | Compiler Version      | Compilation Options
---------------------------------------------------------------------------------------
CNT16_TB | SIM          | work    |      | 2022.04.117 (Linux64) |  -2019
CNT16    | PROC_2       | work    |      | 2022.04.117 (Linux64) |  -2019
---------------------------------------------------------------------------------------

---------------------------------------------------------------------------------------
VHDL Package            | Library | Info | Compiler Version      | Compilation Options
---------------------------------------------------------------------------------------
standard                | std     |      |                       | <unavailable>
TEXTIO                  | std     |      | 2022.04.117 (Linux64) |  -2019
std_logic_1164          | ieee    |      | 2022.04.117 (Linux64) |  -2008
NUMERIC_STD             | ieee    |      | 2022.04.117 (Linux64) |  -2008
---------------------------------------------------------------------------------------

---------------------------------------------------------------------------------------
Library                 | Comment
---------------------------------------------------------------------------------------
ieee                    | Standard IEEE packages library
std                     | Standard VHDL library
work                    | None
---------------------------------------------------------------------------------------


Simulation Options: asim CNT16_TB

License to run VHDL performance optimized simulation unavailable.

The performance of simulation is reduced. Version EDU Edition
